<?xml version="1.0" encoding="UTF-8"?>
<testng-results skipped="0" failed="0" ignored="0" total="2" passed="2">
  <reporter-output>
    <line>
      <![CDATA[INFO: The value found with Environment variable Falcon is: Falcon]]>
    </line>
    <line>
      <![CDATA[INFO: The value found with Environment Module variable contactus,googlesearch is: contactus,googlesearch]]>
    </line>
    <line>
      <![CDATA[The value found with Environment variable WIN_10_chrome_84 is: WIN_10_chrome_84]]>
    </line>
    <line>
      <![CDATA[INFO: Clients Found: [Falcon]
]]>
    </line>
    <line>
      <![CDATA[INFO: Modules Selected: [contactus, googlesearch]
]]>
    </line>
    <line>
      <![CDATA[INFO: New Suite Created with name: Falcon-Sample-WIN_10_chrome_84]]>
    </line>
    <line>
      <![CDATA[<?xml version="1.0" encoding="UTF-8"?>
<!DOCTYPE suite SYSTEM "http://testng.org/testng-1.0.dtd">
<suite name="Falcon-Sample-WIN_10_chrome_84">
  <parameter name="os" value="WIN"/>
  <parameter name="osVersion" value="10"/>
  <parameter name="browser" value="chrome"/>
  <parameter name="browserVersion" value="84"/>
  <test thread-count="5" name="SampleTest">
    <classes>
      <class name="com.atmecs.falconproject.testscript.SampleTestScript"/>
    </classes>
  </test> <!-- SampleTest -->
</suite> <!-- Falcon-Sample-WIN_10_chrome_84 -->
]]>
    </line>
    <line>
      <![CDATA[INFO: New Suite Created with name: Falcon-Sample-WIN_10_chrome_84]]>
    </line>
    <line>
      <![CDATA[<?xml version="1.0" encoding="UTF-8"?>
<!DOCTYPE suite SYSTEM "http://testng.org/testng-1.0.dtd">
<suite name="Falcon-Sample-WIN_10_chrome_84">
  <parameter name="os" value="WIN"/>
  <parameter name="osVersion" value="10"/>
  <parameter name="browser" value="chrome"/>
  <parameter name="browserVersion" value="84"/>
  <test thread-count="5" name="SampleTest">
    <classes>
      <class name="com.atmecs.falconproject.testscript.AtmecsContactUsTest"/>
    </classes>
  </test> <!-- SampleTest -->
</suite> <!-- Falcon-Sample-WIN_10_chrome_84 -->
]]>
    </line>
    <line>
      <![CDATA[Opening browser: chrome]]>
    </line>
    <line>
      <![CDATA[Maximizing browser window]]>
    </line>
    <line>
      <![CDATA[entering text: Selenium]]>
    </line>
    <line>
      <![CDATA[pressing enter key]]>
    </line>
    <line>
      <![CDATA[waiting for 2 second]]>
    </line>
    <line>
      <![CDATA[verifying page title]]>
    </line>
    <line>
      <![CDATA[PASS : Verifying String Message  : ACTUAL : Selenium - Google Search EXPECTED :Selenium - Google Search]]>
    </line>
    <line>
      <![CDATA[executing exploreTest ]]>
    </line>
  </reporter-output>
  <suite name="Falcon-Sample-WIN_10_chrome_84 (0)" duration-ms="19736" started-at="2020-08-04T14:07:10Z" finished-at="2020-08-04T14:07:30Z">
    <groups>
    </groups>
    <test name="SampleTest" duration-ms="19736" started-at="2020-08-04T14:07:10Z" finished-at="2020-08-04T14:07:30Z">
      <class name="com.atmecs.falconproject.testscript.AtmecsContactUsTest">
        <test-method status="PASS" signature="preSetup()[pri:0, instance:com.atmecs.falconproject.testscript.AtmecsContactUsTest@5e8e9a60]" name="preSetup" is-config="true" duration-ms="40" started-at="2020-08-04T14:07:10Z" finished-at="2020-08-04T14:07:10Z">
          <reporter-output>
          </reporter-output>
        </test-method> <!-- preSetup -->
        <test-method status="PASS" signature="contactUsTest(java.lang.String, java.lang.String, java.lang.String, java.lang.String)[pri:0, instance:com.atmecs.falconproject.testscript.AtmecsContactUsTest@5e8e9a60]" name="contactUsTest" duration-ms="19251" started-at="2020-08-04T14:07:10Z" finished-at="2020-08-04T14:07:30Z">
          <params>
            <param index="0">
              <value>
                <![CDATA[WIN]]>
              </value>
            </param>
            <param index="1">
              <value>
                <![CDATA[10]]>
              </value>
            </param>
            <param index="2">
              <value>
                <![CDATA[chrome]]>
              </value>
            </param>
            <param index="3">
              <value>
                <![CDATA[84]]>
              </value>
            </param>
          </params>
          <reporter-output>
            <line>
              <![CDATA[executing exploreTest ]]>
            </line>
          </reporter-output>
        </test-method> <!-- contactUsTest -->
        <test-method status="PASS" signature="teardown()[pri:0, instance:com.atmecs.falconproject.testscript.AtmecsContactUsTest@5e8e9a60]" name="teardown" is-config="true" duration-ms="443" started-at="2020-08-04T14:07:30Z" finished-at="2020-08-04T14:07:30Z">
          <reporter-output>
          </reporter-output>
        </test-method> <!-- teardown -->
      </class> <!-- com.atmecs.falconproject.testscript.AtmecsContactUsTest -->
    </test> <!-- SampleTest -->
  </suite> <!-- Falcon-Sample-WIN_10_chrome_84 (0) -->
  <suite name="Falcon-Sample-WIN_10_chrome_84" duration-ms="22115" started-at="2020-08-04T14:06:48Z" finished-at="2020-08-04T14:07:10Z">
    <groups>
    </groups>
    <test name="SampleTest" duration-ms="22115" started-at="2020-08-04T14:06:48Z" finished-at="2020-08-04T14:07:10Z">
      <class name="com.atmecs.falconproject.testscript.SampleTestScript">
        <test-method status="PASS" signature="preSetup()[pri:0, instance:com.atmecs.falconproject.testscript.SampleTestScript@73aa840a]" name="preSetup" is-config="true" duration-ms="147" started-at="2020-08-04T14:06:48Z" finished-at="2020-08-04T14:06:48Z">
          <reporter-output>
          </reporter-output>
        </test-method> <!-- preSetup -->
        <test-method status="PASS" signature="sampleTest(java.lang.String, java.lang.String, java.lang.String, java.lang.String)[pri:0, instance:com.atmecs.falconproject.testscript.SampleTestScript@73aa840a]" name="sampleTest" duration-ms="17813" started-at="2020-08-04T14:06:48Z" finished-at="2020-08-04T14:07:06Z">
          <params>
            <param index="0">
              <value>
                <![CDATA[WIN]]>
              </value>
            </param>
            <param index="1">
              <value>
                <![CDATA[10]]>
              </value>
            </param>
            <param index="2">
              <value>
                <![CDATA[chrome]]>
              </value>
            </param>
            <param index="3">
              <value>
                <![CDATA[84]]>
              </value>
            </param>
          </params>
          <reporter-output>
            <line>
              <![CDATA[Opening browser: chrome]]>
            </line>
            <line>
              <![CDATA[Maximizing browser window]]>
            </line>
            <line>
              <![CDATA[entering text: Selenium]]>
            </line>
            <line>
              <![CDATA[pressing enter key]]>
            </line>
            <line>
              <![CDATA[waiting for 2 second]]>
            </line>
            <line>
              <![CDATA[verifying page title]]>
            </line>
            <line>
              <![CDATA[PASS : Verifying String Message  : ACTUAL : Selenium - Google Search EXPECTED :Selenium - Google Search]]>
            </line>
          </reporter-output>
        </test-method> <!-- sampleTest -->
        <test-method status="PASS" signature="teardown()[pri:0, instance:com.atmecs.falconproject.testscript.SampleTestScript@73aa840a]" name="teardown" is-config="true" duration-ms="4128" started-at="2020-08-04T14:07:06Z" finished-at="2020-08-04T14:07:10Z">
          <reporter-output>
          </reporter-output>
        </test-method> <!-- teardown -->
      </class> <!-- com.atmecs.falconproject.testscript.SampleTestScript -->
    </test> <!-- SampleTest -->
  </suite> <!-- Falcon-Sample-WIN_10_chrome_84 -->
</testng-results>
